Using pre-set license
Built from '2020.3/release' branch; Version is '2020.3.2f1 (8fd9074bf66c) revision 9427207'; Using compiler version '192528614'; Build Type 'Release'
OS: 'Windows 10 Pro; OS build 19042.1237; Version 2009; 64bit' Language: 'ko' Physical Memory: 16320 MB
BatchMode: 1, IsHumanControllingUs: 0, StartBugReporterOnCrash: 0, Is64bit: 1, IsPro: 0

 COMMAND LINE ARGUMENTS:
C:\Program Files\Unity\Hub\Editor\2020.3.2f1\Editor\Unity.exe
-adb2
-batchMode
-noUpm
-name
AssetImportWorker0
-projectPath
C:/Users/Picassogoh/unity/RoomOfTruth/RoomOfTruth
-logFile
Logs/AssetImportWorker0.log
-srvPort
14749
Successfully changed project path to: C:/Users/Picassogoh/unity/RoomOfTruth/RoomOfTruth
C:/Users/Picassogoh/unity/RoomOfTruth/RoomOfTruth
Using Asset Import Pipeline V2.
Refreshing native plugins compatible for Editor in 30.44 ms, found 1 plugins.
Preloading 0 native plugins for Editor in 0.00 ms.
Initialize engine version: 2020.3.2f1 (8fd9074bf66c)
[Subsystems] Discovering subsystems at path C:/Program Files/Unity/Hub/Editor/2020.3.2f1/Editor/Data/Resources/UnitySubsystems
[Subsystems] Discovering subsystems at path C:/Users/Picassogoh/unity/RoomOfTruth/RoomOfTruth/Assets
GfxDevice: creating device client; threaded=0
Direct3D:
    Version:  Direct3D 11.0 [level 11.1]
    Renderer: NVIDIA GeForce GT 1030 (ID=0x1d01)
    Vendor:   
    VRAM:     1982 MB
    Driver:   27.21.14.6647
Initialize mono
Mono path[0] = 'C:/Program Files/Unity/Hub/Editor/2020.3.2f1/Editor/Data/Managed'
Mono path[1] = 'C:/Program Files/Unity/Hub/Editor/2020.3.2f1/Editor/Data/MonoBleedingEdge/lib/mono/unityjit'
Mono config path = 'C:/Program Files/Unity/Hub/Editor/2020.3.2f1/Editor/Data/MonoBleedingEdge/etc'
Using monoOptions --debugger-agent=transport=dt_socket,embedding=1,server=y,suspend=n,address=127.0.0.1:56052
Begin MonoManager ReloadAssembly
Registering precompiled unity dll's ...
Register platform support module: C:/Program Files/Unity/Hub/Editor/2020.3.2f1/Editor/Data/PlaybackEngines/WindowsStandaloneSupport/UnityEditor.WindowsStandalone.Extensions.dll
Registered in 0.001820 seconds.
Native extension for WindowsStandalone target not found
Refreshing native plugins compatible for Editor in 32.63 ms, found 1 plugins.
Preloading 0 native plugins for Editor in 0.00 ms.
Invoked RoslynAnalysisRunner static constructor.
RoslynAnalysisRunner will not be running.
RoslynAnalysisRunner has terminated.
Mono: successfully reloaded assembly
- Completed reload, in  1.648 seconds
Platform modules already initialized, skipping
Registering precompiled user dll's ...
Registered in 0.000773 seconds.
Begin MonoManager ReloadAssembly
Native extension for WindowsStandalone target not found
Refreshing native plugins compatible for Editor in 31.34 ms, found 1 plugins.
Preloading 0 native plugins for Editor in 0.00 ms.
Invoked RoslynAnalysisRunner static constructor.
RoslynAnalysisRunner will not be running.
RoslynAnalysisRunner has terminated.
Mono: successfully reloaded assembly
- Completed reload, in  0.762 seconds
Platform modules already initialized, skipping
========================================================================
Worker process is ready to serve import requests
Launched and connected shader compiler UnityShaderCompiler.exe after 0.04 seconds
Refreshing native plugins compatible for Editor in 0.36 ms, found 1 plugins.
Preloading 0 native plugins for Editor in 0.00 ms.
Unloading 1811 Unused Serialized files (Serialized files now loaded: 0)
System memory in use before: 85.0 MB.
System memory in use after: 85.0 MB.

Unloading 24 unused Assets to reduce memory usage. Loaded Objects now: 2255.
Total: 2.126000 ms (FindLiveObjects: 0.190500 ms CreateObjectMapping: 0.051100 ms MarkObjects: 1.774200 ms  DeleteObjects: 0.109100 ms)

========================================================================
Received Import Request.
  path: Assets/script/guest_infor.cs
  artifactKey: Guid(33a384f756ed5ad4fbc3050db051a863) Importer(815301076,1909f56bfc062723c751e8b465ee728b)
Start importing Assets/script/guest_infor.cs using Guid(33a384f756ed5ad4fbc3050db051a863) Importer(815301076,1909f56bfc062723c751e8b465ee728b)  -> (artifact id: 'd40f265e129a41c41bd2f5df80527ef0') in 0.031187 seconds
  Import took 0.034457 seconds .

========================================================================
Received Prepare
Registering precompiled user dll's ...
Registered in 0.000845 seconds.
Begin MonoManager ReloadAssembly
Native extension for WindowsStandalone target not found
Refreshing native plugins compatible for Editor in 0.31 ms, found 1 plugins.
Preloading 0 native plugins for Editor in 0.00 ms.
Invoked RoslynAnalysisRunner static constructor.
RoslynAnalysisRunner will not be running.
RoslynAnalysisRunner has terminated.
Mono: successfully reloaded assembly
- Completed reload, in  0.695 seconds
Platform modules already initialized, skipping
Refreshing native plugins compatible for Editor in 0.37 ms, found 1 plugins.
Preloading 0 native plugins for Editor in 0.00 ms.
Unloading 1806 Unused Serialized files (Serialized files now loaded: 0)
System memory in use before: 85.0 MB.
System memory in use after: 84.9 MB.

Unloading 12 unused Assets to reduce memory usage. Loaded Objects now: 2259.
Total: 1.802600 ms (FindLiveObjects: 0.190700 ms CreateObjectMapping: 0.048600 ms MarkObjects: 1.469700 ms  DeleteObjects: 0.092800 ms)

========================================================================
Received Prepare
Registering precompiled user dll's ...
Registered in 0.000793 seconds.
Begin MonoManager ReloadAssembly
Native extension for WindowsStandalone target not found
Refreshing native plugins compatible for Editor in 0.39 ms, found 1 plugins.
Preloading 0 native plugins for Editor in 0.00 ms.
Invoked RoslynAnalysisRunner static constructor.
RoslynAnalysisRunner will not be running.
RoslynAnalysisRunner has terminated.
Mono: successfully reloaded assembly
- Completed reload, in  0.681 seconds
Platform modules already initialized, skipping
Refreshing native plugins compatible for Editor in 0.38 ms, found 1 plugins.
Preloading 0 native plugins for Editor in 0.00 ms.
Unloading 1806 Unused Serialized files (Serialized files now loaded: 0)
System memory in use before: 85.0 MB.
System memory in use after: 85.0 MB.

Unloading 12 unused Assets to reduce memory usage. Loaded Objects now: 2263.
Total: 1.819000 ms (FindLiveObjects: 0.174900 ms CreateObjectMapping: 0.047000 ms MarkObjects: 1.506400 ms  DeleteObjects: 0.089900 ms)

========================================================================
Received Prepare
Registering precompiled user dll's ...
Registered in 0.000851 seconds.
Begin MonoManager ReloadAssembly
Native extension for WindowsStandalone target not found
Refreshing native plugins compatible for Editor in 0.38 ms, found 1 plugins.
Preloading 0 native plugins for Editor in 0.00 ms.
Invoked RoslynAnalysisRunner static constructor.
RoslynAnalysisRunner will not be running.
RoslynAnalysisRunner has terminated.
Mono: successfully reloaded assembly
- Completed reload, in  0.687 seconds
Platform modules already initialized, skipping
Refreshing native plugins compatible for Editor in 0.36 ms, found 1 plugins.
Preloading 0 native plugins for Editor in 0.00 ms.
Unloading 1806 Unused Serialized files (Serialized files now loaded: 0)
System memory in use before: 85.0 MB.
System memory in use after: 85.0 MB.

Unloading 12 unused Assets to reduce memory usage. Loaded Objects now: 2267.
Total: 1.874700 ms (FindLiveObjects: 0.246200 ms CreateObjectMapping: 0.090600 ms MarkObjects: 1.438300 ms  DeleteObjects: 0.098400 ms)

========================================================================
Received Prepare
Registering precompiled user dll's ...
Registered in 0.000821 seconds.
Begin MonoManager ReloadAssembly
Native extension for WindowsStandalone target not found
Refreshing native plugins compatible for Editor in 0.38 ms, found 1 plugins.
Preloading 0 native plugins for Editor in 0.00 ms.
Invoked RoslynAnalysisRunner static constructor.
RoslynAnalysisRunner will not be running.
RoslynAnalysisRunner has terminated.
Mono: successfully reloaded assembly
- Completed reload, in  0.699 seconds
Platform modules already initialized, skipping
Refreshing native plugins compatible for Editor in 0.41 ms, found 1 plugins.
Preloading 0 native plugins for Editor in 0.00 ms.
Unloading 1806 Unused Serialized files (Serialized files now loaded: 0)
System memory in use before: 85.0 MB.
System memory in use after: 85.0 MB.

Unloading 12 unused Assets to reduce memory usage. Loaded Objects now: 2271.
Total: 2.082200 ms (FindLiveObjects: 0.249100 ms CreateObjectMapping: 0.041800 ms MarkObjects: 1.686000 ms  DeleteObjects: 0.104200 ms)

========================================================================
Received Prepare
Registering precompiled user dll's ...
Registered in 0.001163 seconds.
Begin MonoManager ReloadAssembly
Native extension for WindowsStandalone target not found
Refreshing native plugins compatible for Editor in 0.37 ms, found 1 plugins.
Preloading 0 native plugins for Editor in 0.00 ms.
Invoked RoslynAnalysisRunner static constructor.
RoslynAnalysisRunner will not be running.
RoslynAnalysisRunner has terminated.
Mono: successfully reloaded assembly
- Completed reload, in  0.712 seconds
Platform modules already initialized, skipping
Refreshing native plugins compatible for Editor in 0.37 ms, found 1 plugins.
Preloading 0 native plugins for Editor in 0.00 ms.
Unloading 1806 Unused Serialized files (Serialized files now loaded: 0)
System memory in use before: 85.1 MB.
System memory in use after: 85.0 MB.

Unloading 12 unused Assets to reduce memory usage. Loaded Objects now: 2275.
Total: 2.232700 ms (FindLiveObjects: 0.229200 ms CreateObjectMapping: 0.047800 ms MarkObjects: 1.839000 ms  DeleteObjects: 0.115300 ms)

========================================================================
Received Import Request.
  Time since last request: 2323.252831 seconds.
  path: Assets/script/guest_infor.cs
  artifactKey: Guid(33a384f756ed5ad4fbc3050db051a863) Importer(815301076,1909f56bfc062723c751e8b465ee728b)
Start importing Assets/script/guest_infor.cs using Guid(33a384f756ed5ad4fbc3050db051a863) Importer(815301076,1909f56bfc062723c751e8b465ee728b)  -> (artifact id: 'd783e064dd55c034135116fb290a3e71') in 0.005341 seconds
  Import took 0.008380 seconds .

========================================================================
Received Import Request.
  Time since last request: 0.036529 seconds.
  path: Assets/script/guest_infor.cs
  artifactKey: Guid(33a384f756ed5ad4fbc3050db051a863) Importer(815301076,1909f56bfc062723c751e8b465ee728b)
Start importing Assets/script/guest_infor.cs using Guid(33a384f756ed5ad4fbc3050db051a863) Importer(815301076,1909f56bfc062723c751e8b465ee728b)  -> (artifact id: 'd783e064dd55c034135116fb290a3e71') in 0.002784 seconds
  Import took 0.005992 seconds .

========================================================================
Received Prepare
Registering precompiled user dll's ...
Registered in 0.001322 seconds.
Begin MonoManager ReloadAssembly
Native extension for WindowsStandalone target not found
Refreshing native plugins compatible for Editor in 0.33 ms, found 1 plugins.
Preloading 0 native plugins for Editor in 0.00 ms.
Invoked RoslynAnalysisRunner static constructor.
RoslynAnalysisRunner will not be running.
RoslynAnalysisRunner has terminated.
Mono: successfully reloaded assembly
- Completed reload, in  0.718 seconds
Platform modules already initialized, skipping
Refreshing native plugins compatible for Editor in 0.42 ms, found 1 plugins.
Preloading 0 native plugins for Editor in 0.00 ms.
Unloading 1806 Unused Serialized files (Serialized files now loaded: 0)
System memory in use before: 85.1 MB.
System memory in use after: 85.0 MB.

Unloading 12 unused Assets to reduce memory usage. Loaded Objects now: 2279.
Total: 1.905100 ms (FindLiveObjects: 0.250100 ms CreateObjectMapping: 0.045100 ms MarkObjects: 1.501500 ms  DeleteObjects: 0.107200 ms)

========================================================================
Received Prepare
Registering precompiled user dll's ...
Registered in 0.001084 seconds.
Begin MonoManager ReloadAssembly
Native extension for WindowsStandalone target not found
Refreshing native plugins compatible for Editor in 0.41 ms, found 1 plugins.
Preloading 0 native plugins for Editor in 0.00 ms.
Invoked RoslynAnalysisRunner static constructor.
RoslynAnalysisRunner will not be running.
RoslynAnalysisRunner has terminated.
Mono: successfully reloaded assembly
- Completed reload, in  0.714 seconds
Platform modules already initialized, skipping
Refreshing native plugins compatible for Editor in 0.37 ms, found 1 plugins.
Preloading 0 native plugins for Editor in 0.00 ms.
Unloading 1806 Unused Serialized files (Serialized files now loaded: 0)
System memory in use before: 85.1 MB.
System memory in use after: 85.1 MB.

Unloading 12 unused Assets to reduce memory usage. Loaded Objects now: 2283.
Total: 1.961500 ms (FindLiveObjects: 0.251600 ms CreateObjectMapping: 0.051800 ms MarkObjects: 1.527400 ms  DeleteObjects: 0.129200 ms)

========================================================================
Received Prepare
Registering precompiled user dll's ...
Registered in 0.001007 seconds.
Begin MonoManager ReloadAssembly
Native extension for WindowsStandalone target not found
Refreshing native plugins compatible for Editor in 0.31 ms, found 1 plugins.
Preloading 0 native plugins for Editor in 0.00 ms.
Invoked RoslynAnalysisRunner static constructor.
RoslynAnalysisRunner will not be running.
RoslynAnalysisRunner has terminated.
Mono: successfully reloaded assembly
- Completed reload, in  0.716 seconds
Platform modules already initialized, skipping
Refreshing native plugins compatible for Editor in 0.37 ms, found 1 plugins.
Preloading 0 native plugins for Editor in 0.00 ms.
Unloading 1806 Unused Serialized files (Serialized files now loaded: 0)
System memory in use before: 85.1 MB.
System memory in use after: 85.1 MB.

Unloading 12 unused Assets to reduce memory usage. Loaded Objects now: 2287.
Total: 1.908200 ms (FindLiveObjects: 0.274700 ms CreateObjectMapping: 0.045800 ms MarkObjects: 1.470500 ms  DeleteObjects: 0.116100 ms)

========================================================================
Received Prepare
Registering precompiled user dll's ...
Registered in 0.001077 seconds.
Begin MonoManager ReloadAssembly
Native extension for WindowsStandalone target not found
Refreshing native plugins compatible for Editor in 0.30 ms, found 1 plugins.
Preloading 0 native plugins for Editor in 0.00 ms.
Invoked RoslynAnalysisRunner static constructor.
RoslynAnalysisRunner will not be running.
RoslynAnalysisRunner has terminated.
Mono: successfully reloaded assembly
- Completed reload, in  0.719 seconds
Platform modules already initialized, skipping
Refreshing native plugins compatible for Editor in 0.39 ms, found 1 plugins.
Preloading 0 native plugins for Editor in 0.00 ms.
Unloading 1806 Unused Serialized files (Serialized files now loaded: 0)
System memory in use before: 85.1 MB.
System memory in use after: 85.1 MB.

Unloading 12 unused Assets to reduce memory usage. Loaded Objects now: 2291.
Total: 1.868000 ms (FindLiveObjects: 0.265300 ms CreateObjectMapping: 0.041900 ms MarkObjects: 1.457700 ms  DeleteObjects: 0.101700 ms)

========================================================================
Received Prepare
Registering precompiled user dll's ...
Registered in 0.001014 seconds.
Begin MonoManager ReloadAssembly
Native extension for WindowsStandalone target not found
Refreshing native plugins compatible for Editor in 0.39 ms, found 1 plugins.
Preloading 0 native plugins for Editor in 0.00 ms.
Invoked RoslynAnalysisRunner static constructor.
RoslynAnalysisRunner will not be running.
RoslynAnalysisRunner has terminated.
Mono: successfully reloaded assembly
- Completed reload, in  0.706 seconds
Platform modules already initialized, skipping
Refreshing native plugins compatible for Editor in 0.39 ms, found 1 plugins.
Preloading 0 native plugins for Editor in 0.00 ms.
Unloading 1806 Unused Serialized files (Serialized files now loaded: 0)
System memory in use before: 85.1 MB.
System memory in use after: 85.1 MB.

Unloading 12 unused Assets to reduce memory usage. Loaded Objects now: 2295.
Total: 1.849400 ms (FindLiveObjects: 0.237100 ms CreateObjectMapping: 0.042100 ms MarkObjects: 1.458300 ms  DeleteObjects: 0.110400 ms)

========================================================================
Received Import Request.
  Time since last request: 129.171641 seconds.
  path: Assets/script/guest_infor.cs
  artifactKey: Guid(33a384f756ed5ad4fbc3050db051a863) Importer(815301076,1909f56bfc062723c751e8b465ee728b)
Start importing Assets/script/guest_infor.cs using Guid(33a384f756ed5ad4fbc3050db051a863) Importer(815301076,1909f56bfc062723c751e8b465ee728b)  -> (artifact id: 'f6e33aaac4c62c4ce999c575a62f93a8') in 0.004789 seconds
  Import took 0.007705 seconds .

========================================================================
Received Prepare
Registering precompiled user dll's ...
Registered in 0.001104 seconds.
Begin MonoManager ReloadAssembly
Native extension for WindowsStandalone target not found
Refreshing native plugins compatible for Editor in 0.38 ms, found 1 plugins.
Preloading 0 native plugins for Editor in 0.00 ms.
Invoked RoslynAnalysisRunner static constructor.
RoslynAnalysisRunner will not be running.
RoslynAnalysisRunner has terminated.
Mono: successfully reloaded assembly
- Completed reload, in  0.712 seconds
Platform modules already initialized, skipping
Refreshing native plugins compatible for Editor in 0.38 ms, found 1 plugins.
Preloading 0 native plugins for Editor in 0.00 ms.
Unloading 1806 Unused Serialized files (Serialized files now loaded: 0)
System memory in use before: 85.1 MB.
System memory in use after: 85.1 MB.

Unloading 12 unused Assets to reduce memory usage. Loaded Objects now: 2299.
Total: 1.835200 ms (FindLiveObjects: 0.208400 ms CreateObjectMapping: 0.041100 ms MarkObjects: 1.474600 ms  DeleteObjects: 0.110100 ms)

========================================================================
Received Prepare
Registering precompiled user dll's ...
Registered in 0.001722 seconds.
Begin MonoManager ReloadAssembly
Native extension for WindowsStandalone target not found
Refreshing native plugins compatible for Editor in 0.38 ms, found 1 plugins.
Preloading 0 native plugins for Editor in 0.00 ms.
Invoked RoslynAnalysisRunner static constructor.
RoslynAnalysisRunner will not be running.
RoslynAnalysisRunner has terminated.
Mono: successfully reloaded assembly
- Completed reload, in  0.704 seconds
Platform modules already initialized, skipping
Refreshing native plugins compatible for Editor in 0.37 ms, found 1 plugins.
Preloading 0 native plugins for Editor in 0.00 ms.
Unloading 1806 Unused Serialized files (Serialized files now loaded: 0)
System memory in use before: 85.1 MB.
System memory in use after: 85.1 MB.

Unloading 12 unused Assets to reduce memory usage. Loaded Objects now: 2303.
Total: 1.867300 ms (FindLiveObjects: 0.216000 ms CreateObjectMapping: 0.047300 ms MarkObjects: 1.503700 ms  DeleteObjects: 0.098900 ms)

========================================================================
Received Import Request.
  Time since last request: 72.325829 seconds.
  path: Assets/script/guest_infor.cs
  artifactKey: Guid(33a384f756ed5ad4fbc3050db051a863) Importer(815301076,1909f56bfc062723c751e8b465ee728b)
Start importing Assets/script/guest_infor.cs using Guid(33a384f756ed5ad4fbc3050db051a863) Importer(815301076,1909f56bfc062723c751e8b465ee728b)  -> (artifact id: '826c178596dad536481d0b0e7326acc0') in 0.004805 seconds
  Import took 0.007619 seconds .

========================================================================
Received Prepare
Registering precompiled user dll's ...
Registered in 0.000976 seconds.
Begin MonoManager ReloadAssembly
Native extension for WindowsStandalone target not found
Refreshing native plugins compatible for Editor in 0.39 ms, found 1 plugins.
Preloading 0 native plugins for Editor in 0.00 ms.
Invoked RoslynAnalysisRunner static constructor.
RoslynAnalysisRunner will not be running.
RoslynAnalysisRunner has terminated.
Mono: successfully reloaded assembly
- Completed reload, in  0.710 seconds
Platform modules already initialized, skipping
Refreshing native plugins compatible for Editor in 0.62 ms, found 1 plugins.
Preloading 0 native plugins for Editor in 0.00 ms.
Unloading 1806 Unused Serialized files (Serialized files now loaded: 0)
System memory in use before: 85.1 MB.
System memory in use after: 85.1 MB.

Unloading 12 unused Assets to reduce memory usage. Loaded Objects now: 2307.
Total: 1.828500 ms (FindLiveObjects: 0.198900 ms CreateObjectMapping: 0.047700 ms MarkObjects: 1.463900 ms  DeleteObjects: 0.116500 ms)

========================================================================
Received Prepare
Registering precompiled user dll's ...
Registered in 0.001036 seconds.
Begin MonoManager ReloadAssembly
Native extension for WindowsStandalone target not found
Refreshing native plugins compatible for Editor in 0.54 ms, found 1 plugins.
Preloading 0 native plugins for Editor in 0.00 ms.
Invoked RoslynAnalysisRunner static constructor.
RoslynAnalysisRunner will not be running.
RoslynAnalysisRunner has terminated.
Mono: successfully reloaded assembly
- Completed reload, in  0.715 seconds
Platform modules already initialized, skipping
Refreshing native plugins compatible for Editor in 0.38 ms, found 1 plugins.
Preloading 0 native plugins for Editor in 0.00 ms.
Unloading 1806 Unused Serialized files (Serialized files now loaded: 0)
System memory in use before: 85.1 MB.
System memory in use after: 85.1 MB.

Unloading 12 unused Assets to reduce memory usage. Loaded Objects now: 2311.
Total: 1.955500 ms (FindLiveObjects: 0.281700 ms CreateObjectMapping: 0.048900 ms MarkObjects: 1.517500 ms  DeleteObjects: 0.105800 ms)

========================================================================
Received Import Request.
  Time since last request: 60.590806 seconds.
  path: Assets/script/guest_infor.cs
  artifactKey: Guid(33a384f756ed5ad4fbc3050db051a863) Importer(815301076,1909f56bfc062723c751e8b465ee728b)
Start importing Assets/script/guest_infor.cs using Guid(33a384f756ed5ad4fbc3050db051a863) Importer(815301076,1909f56bfc062723c751e8b465ee728b)  -> (artifact id: 'ecb98a279c4a434043368d127e3c40a7') in 0.005030 seconds
  Import took 0.008132 seconds .

========================================================================
Received Import Request.
  Time since last request: 0.037532 seconds.
  path: Assets/script/guest_infor.cs
  artifactKey: Guid(33a384f756ed5ad4fbc3050db051a863) Importer(815301076,1909f56bfc062723c751e8b465ee728b)
Start importing Assets/script/guest_infor.cs using Guid(33a384f756ed5ad4fbc3050db051a863) Importer(815301076,1909f56bfc062723c751e8b465ee728b)  -> (artifact id: 'ecb98a279c4a434043368d127e3c40a7') in 0.002522 seconds
  Import took 0.005581 seconds .

========================================================================
Received Prepare
Registering precompiled user dll's ...
Registered in 0.000999 seconds.
Begin MonoManager ReloadAssembly
Native extension for WindowsStandalone target not found
Refreshing native plugins compatible for Editor in 0.31 ms, found 1 plugins.
Preloading 0 native plugins for Editor in 0.00 ms.
Invoked RoslynAnalysisRunner static constructor.
RoslynAnalysisRunner will not be running.
RoslynAnalysisRunner has terminated.
Mono: successfully reloaded assembly
- Completed reload, in  0.717 seconds
Platform modules already initialized, skipping
Refreshing native plugins compatible for Editor in 0.41 ms, found 1 plugins.
Preloading 0 native plugins for Editor in 0.00 ms.
Unloading 1806 Unused Serialized files (Serialized files now loaded: 0)
System memory in use before: 85.2 MB.
System memory in use after: 85.1 MB.

Unloading 12 unused Assets to reduce memory usage. Loaded Objects now: 2315.
Total: 1.806600 ms (FindLiveObjects: 0.208600 ms CreateObjectMapping: 0.041700 ms MarkObjects: 1.449800 ms  DeleteObjects: 0.105100 ms)

========================================================================
Received Prepare
Registering precompiled user dll's ...
Registered in 0.001238 seconds.
Begin MonoManager ReloadAssembly
Native extension for WindowsStandalone target not found
Refreshing native plugins compatible for Editor in 0.45 ms, found 1 plugins.
Preloading 0 native plugins for Editor in 0.00 ms.
Invoked RoslynAnalysisRunner static constructor.
RoslynAnalysisRunner will not be running.
RoslynAnalysisRunner has terminated.
Mono: successfully reloaded assembly
- Completed reload, in  0.806 seconds
Platform modules already initialized, skipping
Refreshing native plugins compatible for Editor in 0.42 ms, found 1 plugins.
Preloading 0 native plugins for Editor in 0.00 ms.
Unloading 1806 Unused Serialized files (Serialized files now loaded: 0)
System memory in use before: 85.2 MB.
System memory in use after: 85.1 MB.

Unloading 12 unused Assets to reduce memory usage. Loaded Objects now: 2319.
Total: 2.358100 ms (FindLiveObjects: 0.331300 ms CreateObjectMapping: 0.043000 ms MarkObjects: 1.873400 ms  DeleteObjects: 0.109300 ms)

========================================================================
Received Prepare
Registering precompiled user dll's ...
Registered in 0.001051 seconds.
Begin MonoManager ReloadAssembly
Native extension for WindowsStandalone target not found
Refreshing native plugins compatible for Editor in 0.39 ms, found 1 plugins.
Preloading 0 native plugins for Editor in 0.00 ms.
Invoked RoslynAnalysisRunner static constructor.
RoslynAnalysisRunner will not be running.
RoslynAnalysisRunner has terminated.
Mono: successfully reloaded assembly
- Completed reload, in  0.726 seconds
Platform modules already initialized, skipping
Refreshing native plugins compatible for Editor in 0.39 ms, found 1 plugins.
Preloading 0 native plugins for Editor in 0.00 ms.
Unloading 1806 Unused Serialized files (Serialized files now loaded: 0)
System memory in use before: 85.2 MB.
System memory in use after: 85.1 MB.

Unloading 12 unused Assets to reduce memory usage. Loaded Objects now: 2323.
Total: 2.158900 ms (FindLiveObjects: 0.223100 ms CreateObjectMapping: 0.049400 ms MarkObjects: 1.738100 ms  DeleteObjects: 0.146600 ms)

========================================================================
Received Prepare
Registering precompiled user dll's ...
Registered in 0.001186 seconds.
Begin MonoManager ReloadAssembly
Native extension for WindowsStandalone target not found
Refreshing native plugins compatible for Editor in 0.37 ms, found 1 plugins.
Preloading 0 native plugins for Editor in 0.00 ms.
Invoked RoslynAnalysisRunner static constructor.
RoslynAnalysisRunner will not be running.
RoslynAnalysisRunner has terminated.
Mono: successfully reloaded assembly
- Completed reload, in  0.677 seconds
Platform modules already initialized, skipping
Refreshing native plugins compatible for Editor in 0.36 ms, found 1 plugins.
Preloading 0 native plugins for Editor in 0.00 ms.
Unloading 1806 Unused Serialized files (Serialized files now loaded: 0)
System memory in use before: 85.2 MB.
System memory in use after: 85.2 MB.

Unloading 12 unused Assets to reduce memory usage. Loaded Objects now: 2327.
Total: 2.043800 ms (FindLiveObjects: 0.221900 ms CreateObjectMapping: 0.050100 ms MarkObjects: 1.664900 ms  DeleteObjects: 0.105700 ms)

========================================================================
Received Prepare
Registering precompiled user dll's ...
Registered in 0.001080 seconds.
Begin MonoManager ReloadAssembly
Native extension for WindowsStandalone target not found
Refreshing native plugins compatible for Editor in 0.36 ms, found 1 plugins.
Preloading 0 native plugins for Editor in 0.00 ms.
Invoked RoslynAnalysisRunner static constructor.
RoslynAnalysisRunner will not be running.
RoslynAnalysisRunner has terminated.
Mono: successfully reloaded assembly
- Completed reload, in  0.679 seconds
Platform modules already initialized, skipping
Refreshing native plugins compatible for Editor in 0.36 ms, found 1 plugins.
Preloading 0 native plugins for Editor in 0.00 ms.
Unloading 1806 Unused Serialized files (Serialized files now loaded: 0)
System memory in use before: 85.2 MB.
System memory in use after: 85.2 MB.

Unloading 12 unused Assets to reduce memory usage. Loaded Objects now: 2331.
Total: 1.793300 ms (FindLiveObjects: 0.184100 ms CreateObjectMapping: 0.041200 ms MarkObjects: 1.466800 ms  DeleteObjects: 0.100300 ms)

========================================================================
Received Prepare
Registering precompiled user dll's ...
Registered in 0.001003 seconds.
Begin MonoManager ReloadAssembly
Native extension for WindowsStandalone target not found
Refreshing native plugins compatible for Editor in 0.37 ms, found 1 plugins.
Preloading 0 native plugins for Editor in 0.00 ms.
Invoked RoslynAnalysisRunner static constructor.
RoslynAnalysisRunner will not be running.
RoslynAnalysisRunner has terminated.
Mono: successfully reloaded assembly
- Completed reload, in  0.684 seconds
Platform modules already initialized, skipping
Refreshing native plugins compatible for Editor in 0.37 ms, found 1 plugins.
Preloading 0 native plugins for Editor in 0.00 ms.
Unloading 1806 Unused Serialized files (Serialized files now loaded: 0)
System memory in use before: 85.2 MB.
System memory in use after: 85.2 MB.

Unloading 12 unused Assets to reduce memory usage. Loaded Objects now: 2335.
Total: 1.899700 ms (FindLiveObjects: 0.222300 ms CreateObjectMapping: 0.051100 ms MarkObjects: 1.524600 ms  DeleteObjects: 0.101000 ms)

========================================================================
Received Prepare
Registering precompiled user dll's ...
Registered in 0.000864 seconds.
Begin MonoManager ReloadAssembly
Native extension for WindowsStandalone target not found
Refreshing native plugins compatible for Editor in 0.31 ms, found 1 plugins.
Preloading 0 native plugins for Editor in 0.00 ms.
Invoked RoslynAnalysisRunner static constructor.
RoslynAnalysisRunner will not be running.
RoslynAnalysisRunner has terminated.
Mono: successfully reloaded assembly
- Completed reload, in  0.690 seconds
Platform modules already initialized, skipping
Refreshing native plugins compatible for Editor in 0.38 ms, found 1 plugins.
Preloading 0 native plugins for Editor in 0.00 ms.
Unloading 1806 Unused Serialized files (Serialized files now loaded: 0)
System memory in use before: 85.2 MB.
System memory in use after: 85.2 MB.

Unloading 12 unused Assets to reduce memory usage. Loaded Objects now: 2339.
Total: 1.822600 ms (FindLiveObjects: 0.199200 ms CreateObjectMapping: 0.048800 ms MarkObjects: 1.473600 ms  DeleteObjects: 0.100100 ms)

========================================================================
Received Prepare
Registering precompiled user dll's ...
Registered in 0.000903 seconds.
Begin MonoManager ReloadAssembly
Native extension for WindowsStandalone target not found
Refreshing native plugins compatible for Editor in 0.39 ms, found 1 plugins.
Preloading 0 native plugins for Editor in 0.00 ms.
Invoked RoslynAnalysisRunner static constructor.
RoslynAnalysisRunner will not be running.
RoslynAnalysisRunner has terminated.
Mono: successfully reloaded assembly
- Completed reload, in  0.660 seconds
Platform modules already initialized, skipping
Refreshing native plugins compatible for Editor in 0.36 ms, found 1 plugins.
Preloading 0 native plugins for Editor in 0.00 ms.
Unloading 1806 Unused Serialized files (Serialized files now loaded: 0)
System memory in use before: 85.2 MB.
System memory in use after: 85.2 MB.

Unloading 12 unused Assets to reduce memory usage. Loaded Objects now: 2343.
Total: 2.235200 ms (FindLiveObjects: 0.216400 ms CreateObjectMapping: 0.044800 ms MarkObjects: 1.870000 ms  DeleteObjects: 0.102900 ms)

========================================================================
Received Prepare
Registering precompiled user dll's ...
Registered in 0.001016 seconds.
Begin MonoManager ReloadAssembly
Native extension for WindowsStandalone target not found
Refreshing native plugins compatible for Editor in 0.38 ms, found 1 plugins.
Preloading 0 native plugins for Editor in 0.00 ms.
Invoked RoslynAnalysisRunner static constructor.
RoslynAnalysisRunner will not be running.
RoslynAnalysisRunner has terminated.
Mono: successfully reloaded assembly
- Completed reload, in  0.663 seconds
Platform modules already initialized, skipping
Refreshing native plugins compatible for Editor in 0.36 ms, found 1 plugins.
Preloading 0 native plugins for Editor in 0.00 ms.
Unloading 1806 Unused Serialized files (Serialized files now loaded: 0)
System memory in use before: 85.2 MB.
System memory in use after: 85.2 MB.

Unloading 12 unused Assets to reduce memory usage. Loaded Objects now: 2347.
Total: 1.824400 ms (FindLiveObjects: 0.192700 ms CreateObjectMapping: 0.046100 ms MarkObjects: 1.487300 ms  DeleteObjects: 0.097200 ms)

========================================================================
Received Import Request.
  Time since last request: 1010.823472 seconds.
  path: Assets/prefeb/guest.prefab
  artifactKey: Guid(130d922955fb64e46ac78fe6dbd76b71) Importer(815301076,1909f56bfc062723c751e8b465ee728b)
Start importing Assets/prefeb/guest.prefab using Guid(130d922955fb64e46ac78fe6dbd76b71) Importer(815301076,1909f56bfc062723c751e8b465ee728b)  -> (artifact id: '7668289ce6f46728809fc628e6018293') in 0.105783 seconds
  Import took 0.108971 seconds .

========================================================================
Received Import Request.
  Time since last request: 66.656154 seconds.
  path: Assets/prefeb/guest.prefab
  artifactKey: Guid(130d922955fb64e46ac78fe6dbd76b71) Importer(815301076,1909f56bfc062723c751e8b465ee728b)
Start importing Assets/prefeb/guest.prefab using Guid(130d922955fb64e46ac78fe6dbd76b71) Importer(815301076,1909f56bfc062723c751e8b465ee728b)  -> (artifact id: '9b4da8780ecc32966b29a9dcccbdbf71') in 0.014157 seconds
  Import took 0.017285 seconds .

========================================================================
Received Import Request.
  Time since last request: 2.208430 seconds.
  path: Assets/prefeb/guest.prefab
  artifactKey: Guid(130d922955fb64e46ac78fe6dbd76b71) Importer(815301076,1909f56bfc062723c751e8b465ee728b)
Start importing Assets/prefeb/guest.prefab using Guid(130d922955fb64e46ac78fe6dbd76b71) Importer(815301076,1909f56bfc062723c751e8b465ee728b)  -> (artifact id: 'f1cfddb4ed2e72aad681a80fab757579') in 0.012575 seconds
  Import took 0.015670 seconds .

========================================================================
Received Import Request.
  Time since last request: 17.465824 seconds.
  path: Assets/prefeb/guest.prefab
  artifactKey: Guid(130d922955fb64e46ac78fe6dbd76b71) Importer(815301076,1909f56bfc062723c751e8b465ee728b)
Start importing Assets/prefeb/guest.prefab using Guid(130d922955fb64e46ac78fe6dbd76b71) Importer(815301076,1909f56bfc062723c751e8b465ee728b)  -> (artifact id: 'bf50ba0ab9639b23d3d70e29aa2b560b') in 0.013325 seconds
  Import took 0.016359 seconds .

========================================================================
Received Import Request.
  Time since last request: 94.936115 seconds.
  path: Assets/prefeb/guest.prefab
  artifactKey: Guid(130d922955fb64e46ac78fe6dbd76b71) Importer(815301076,1909f56bfc062723c751e8b465ee728b)
Start importing Assets/prefeb/guest.prefab using Guid(130d922955fb64e46ac78fe6dbd76b71) Importer(815301076,1909f56bfc062723c751e8b465ee728b)  -> (artifact id: '0bf300e23cd8826f24219e5dcc418317') in 0.013182 seconds
  Import took 0.016494 seconds .

========================================================================
Received Import Request.
  Time since last request: 0.007298 seconds.
  path: Assets/prefeb/guest.prefab
  artifactKey: Guid(130d922955fb64e46ac78fe6dbd76b71) Importer(815301076,1909f56bfc062723c751e8b465ee728b)
Start importing Assets/prefeb/guest.prefab using Guid(130d922955fb64e46ac78fe6dbd76b71) Importer(815301076,1909f56bfc062723c751e8b465ee728b)  -> (artifact id: '0bf300e23cd8826f24219e5dcc418317') in 0.014615 seconds
  Import took 0.017702 seconds .

========================================================================
Received Prepare
Registering precompiled user dll's ...
Registered in 0.000847 seconds.
Begin MonoManager ReloadAssembly
Native extension for WindowsStandalone target not found
Refreshing native plugins compatible for Editor in 0.37 ms, found 1 plugins.
Preloading 0 native plugins for Editor in 0.00 ms.
Invoked RoslynAnalysisRunner static constructor.
RoslynAnalysisRunner will not be running.
RoslynAnalysisRunner has terminated.
Mono: successfully reloaded assembly
- Completed reload, in  0.680 seconds
Platform modules already initialized, skipping
Refreshing native plugins compatible for Editor in 0.38 ms, found 1 plugins.
Preloading 0 native plugins for Editor in 0.00 ms.
Unloading 1806 Unused Serialized files (Serialized files now loaded: 0)
System memory in use before: 88.4 MB.
System memory in use after: 88.4 MB.

Unloading 13 unused Assets to reduce memory usage. Loaded Objects now: 2360.
Total: 1.825500 ms (FindLiveObjects: 0.202200 ms CreateObjectMapping: 0.047700 ms MarkObjects: 1.473300 ms  DeleteObjects: 0.101300 ms)

========================================================================
Received Prepare
Registering precompiled user dll's ...
Registered in 0.000793 seconds.
Begin MonoManager ReloadAssembly
Native extension for WindowsStandalone target not found
Refreshing native plugins compatible for Editor in 0.40 ms, found 1 plugins.
Preloading 0 native plugins for Editor in 0.00 ms.
Invoked RoslynAnalysisRunner static constructor.
RoslynAnalysisRunner will not be running.
RoslynAnalysisRunner has terminated.
Mono: successfully reloaded assembly
- Completed reload, in  0.677 seconds
Platform modules already initialized, skipping
Refreshing native plugins compatible for Editor in 0.36 ms, found 1 plugins.
Preloading 0 native plugins for Editor in 0.00 ms.
Unloading 1806 Unused Serialized files (Serialized files now loaded: 0)
System memory in use before: 88.4 MB.
System memory in use after: 88.4 MB.

Unloading 12 unused Assets to reduce memory usage. Loaded Objects now: 2364.
Total: 2.303300 ms (FindLiveObjects: 0.331000 ms CreateObjectMapping: 0.055100 ms MarkObjects: 1.812700 ms  DeleteObjects: 0.102300 ms)

========================================================================
Received Prepare
Registering precompiled user dll's ...
Registered in 0.000931 seconds.
Begin MonoManager ReloadAssembly
Native extension for WindowsStandalone target not found
Refreshing native plugins compatible for Editor in 0.37 ms, found 1 plugins.
Preloading 0 native plugins for Editor in 0.00 ms.
Invoked RoslynAnalysisRunner static constructor.
RoslynAnalysisRunner will not be running.
RoslynAnalysisRunner has terminated.
Mono: successfully reloaded assembly
- Completed reload, in  0.680 seconds
Platform modules already initialized, skipping
Refreshing native plugins compatible for Editor in 0.36 ms, found 1 plugins.
Preloading 0 native plugins for Editor in 0.00 ms.
Unloading 1806 Unused Serialized files (Serialized files now loaded: 0)
System memory in use before: 88.4 MB.
System memory in use after: 88.4 MB.

Unloading 12 unused Assets to reduce memory usage. Loaded Objects now: 2368.
Total: 1.990100 ms (FindLiveObjects: 0.375800 ms CreateObjectMapping: 0.043500 ms MarkObjects: 1.465400 ms  DeleteObjects: 0.104100 ms)

========================================================================
Received Import Request.
  Time since last request: 84.891008 seconds.
  path: Assets/prefeb/guest.prefab
  artifactKey: Guid(130d922955fb64e46ac78fe6dbd76b71) Importer(815301076,1909f56bfc062723c751e8b465ee728b)
Start importing Assets/prefeb/guest.prefab using Guid(130d922955fb64e46ac78fe6dbd76b71) Importer(815301076,1909f56bfc062723c751e8b465ee728b)  -> (artifact id: '89dda310695ed0e756e99220e420d72b') in 0.053109 seconds
  Import took 0.056205 seconds .

========================================================================
Received Import Request.
  Time since last request: 0.073765 seconds.
  path: Assets/prefeb/guest.prefab
  artifactKey: Guid(130d922955fb64e46ac78fe6dbd76b71) Importer(815301076,1909f56bfc062723c751e8b465ee728b)
Start importing Assets/prefeb/guest.prefab using Guid(130d922955fb64e46ac78fe6dbd76b71) Importer(815301076,1909f56bfc062723c751e8b465ee728b)  -> (artifact id: '89dda310695ed0e756e99220e420d72b') in 0.012837 seconds
  Import took 0.015990 seconds .

========================================================================
Received Prepare
Registering precompiled user dll's ...
Registered in 0.000863 seconds.
Begin MonoManager ReloadAssembly
Native extension for WindowsStandalone target not found
Refreshing native plugins compatible for Editor in 0.38 ms, found 1 plugins.
Preloading 0 native plugins for Editor in 0.00 ms.
Invoked RoslynAnalysisRunner static constructor.
RoslynAnalysisRunner will not be running.
RoslynAnalysisRunner has terminated.
Mono: successfully reloaded assembly
- Completed reload, in  0.680 seconds
Platform modules already initialized, skipping
Refreshing native plugins compatible for Editor in 0.37 ms, found 1 plugins.
Preloading 0 native plugins for Editor in 0.00 ms.
Unloading 1806 Unused Serialized files (Serialized files now loaded: 0)
System memory in use before: 88.4 MB.
System memory in use after: 88.4 MB.

Unloading 12 unused Assets to reduce memory usage. Loaded Objects now: 2373.
Total: 1.932500 ms (FindLiveObjects: 0.271800 ms CreateObjectMapping: 0.046100 ms MarkObjects: 1.511100 ms  DeleteObjects: 0.102500 ms)

========================================================================
Received Prepare
Registering precompiled user dll's ...
Registered in 0.001012 seconds.
Begin MonoManager ReloadAssembly
Native extension for WindowsStandalone target not found
Refreshing native plugins compatible for Editor in 0.40 ms, found 1 plugins.
Preloading 0 native plugins for Editor in 0.00 ms.
Invoked RoslynAnalysisRunner static constructor.
RoslynAnalysisRunner will not be running.
RoslynAnalysisRunner has terminated.
Mono: successfully reloaded assembly
- Completed reload, in  0.766 seconds
Platform modules already initialized, skipping
Refreshing native plugins compatible for Editor in 0.41 ms, found 1 plugins.
Preloading 0 native plugins for Editor in 0.00 ms.
Unloading 1806 Unused Serialized files (Serialized files now loaded: 0)
System memory in use before: 88.4 MB.
System memory in use after: 88.4 MB.

Unloading 12 unused Assets to reduce memory usage. Loaded Objects now: 2377.
Total: 1.910100 ms (FindLiveObjects: 0.219600 ms CreateObjectMapping: 0.043200 ms MarkObjects: 1.537800 ms  DeleteObjects: 0.108300 ms)

========================================================================
Received Import Request.
  Time since last request: 21.752065 seconds.
  path: Assets/prefeb/guest.prefab
  artifactKey: Guid(130d922955fb64e46ac78fe6dbd76b71) Importer(815301076,1909f56bfc062723c751e8b465ee728b)
Start importing Assets/prefeb/guest.prefab using Guid(130d922955fb64e46ac78fe6dbd76b71) Importer(815301076,1909f56bfc062723c751e8b465ee728b)  -> (artifact id: '7ac1689e76c61979a0d1654a0adcf2ad') in 0.054118 seconds
  Import took 0.057182 seconds .

========================================================================
Received Prepare
Registering precompiled user dll's ...
Registered in 0.001078 seconds.
Begin MonoManager ReloadAssembly
Native extension for WindowsStandalone target not found
Refreshing native plugins compatible for Editor in 0.42 ms, found 1 plugins.
Preloading 0 native plugins for Editor in 0.00 ms.
Invoked RoslynAnalysisRunner static constructor.
RoslynAnalysisRunner will not be running.
RoslynAnalysisRunner has terminated.
Mono: successfully reloaded assembly
- Completed reload, in  0.767 seconds
Platform modules already initialized, skipping
Refreshing native plugins compatible for Editor in 0.39 ms, found 1 plugins.
Preloading 0 native plugins for Editor in 0.00 ms.
Unloading 1806 Unused Serialized files (Serialized files now loaded: 0)
System memory in use before: 88.5 MB.
System memory in use after: 88.4 MB.

Unloading 12 unused Assets to reduce memory usage. Loaded Objects now: 2382.
Total: 1.936000 ms (FindLiveObjects: 0.227000 ms CreateObjectMapping: 0.042100 ms MarkObjects: 1.555400 ms  DeleteObjects: 0.110300 ms)

========================================================================
Received Import Request.
  Time since last request: 11.733374 seconds.
  path: Assets/prefeb/guest.prefab
  artifactKey: Guid(130d922955fb64e46ac78fe6dbd76b71) Importer(815301076,1909f56bfc062723c751e8b465ee728b)
Start importing Assets/prefeb/guest.prefab using Guid(130d922955fb64e46ac78fe6dbd76b71) Importer(815301076,1909f56bfc062723c751e8b465ee728b)  -> (artifact id: '170a7d6b833b64fc101cd3ab40335881') in 0.055306 seconds
  Import took 0.058416 seconds .

========================================================================
Received Import Request.
  Time since last request: 37.378197 seconds.
  path: Assets/prefeb/guest.prefab
  artifactKey: Guid(130d922955fb64e46ac78fe6dbd76b71) Importer(815301076,1909f56bfc062723c751e8b465ee728b)
Start importing Assets/prefeb/guest.prefab using Guid(130d922955fb64e46ac78fe6dbd76b71) Importer(815301076,1909f56bfc062723c751e8b465ee728b)  -> (artifact id: '9d5a2049f152764fae1dbc83ccdf0232') in 0.029763 seconds
  Import took 0.033101 seconds .

========================================================================
Received Import Request.
  Time since last request: 13.573903 seconds.
  path: Assets/prefeb/guest.prefab
  artifactKey: Guid(130d922955fb64e46ac78fe6dbd76b71) Importer(815301076,1909f56bfc062723c751e8b465ee728b)
Start importing Assets/prefeb/guest.prefab using Guid(130d922955fb64e46ac78fe6dbd76b71) Importer(815301076,1909f56bfc062723c751e8b465ee728b)  -> (artifact id: 'd7c144aeed75ef6441225eac78f83a3d') in 0.016536 seconds
  Import took 0.019677 seconds .

========================================================================
Received Prepare
Registering precompiled user dll's ...
Registered in 0.000917 seconds.
Begin MonoManager ReloadAssembly
Native extension for WindowsStandalone target not found
Refreshing native plugins compatible for Editor in 0.41 ms, found 1 plugins.
Preloading 0 native plugins for Editor in 0.00 ms.
Invoked RoslynAnalysisRunner static constructor.
RoslynAnalysisRunner will not be running.
RoslynAnalysisRunner has terminated.
Mono: successfully reloaded assembly
- Completed reload, in  0.672 seconds
Platform modules already initialized, skipping
Refreshing native plugins compatible for Editor in 0.37 ms, found 1 plugins.
Preloading 0 native plugins for Editor in 0.00 ms.
Unloading 1806 Unused Serialized files (Serialized files now loaded: 0)
System memory in use before: 88.5 MB.
System memory in use after: 88.4 MB.

Unloading 13 unused Assets to reduce memory usage. Loaded Objects now: 2387.
Total: 1.804500 ms (FindLiveObjects: 0.192700 ms CreateObjectMapping: 0.047400 ms MarkObjects: 1.458700 ms  DeleteObjects: 0.105000 ms)

========================================================================
Received Import Request.
  Time since last request: 59.198074 seconds.
  path: Assets/prefeb/guest.prefab
  artifactKey: Guid(130d922955fb64e46ac78fe6dbd76b71) Importer(815301076,1909f56bfc062723c751e8b465ee728b)
Start importing Assets/prefeb/guest.prefab using Guid(130d922955fb64e46ac78fe6dbd76b71) Importer(815301076,1909f56bfc062723c751e8b465ee728b)  -> (artifact id: 'aa842ff3a04f98297115d8992d708c67') in 0.066924 seconds
  Import took 0.070164 seconds .

========================================================================
Received Prepare
Registering precompiled user dll's ...
Registered in 0.000820 seconds.
Begin MonoManager ReloadAssembly
Native extension for WindowsStandalone target not found
Refreshing native plugins compatible for Editor in 0.37 ms, found 1 plugins.
Preloading 0 native plugins for Editor in 0.00 ms.
Invoked RoslynAnalysisRunner static constructor.
RoslynAnalysisRunner will not be running.
RoslynAnalysisRunner has terminated.
Mono: successfully reloaded assembly
- Completed reload, in  0.700 seconds
Platform modules already initialized, skipping
Refreshing native plugins compatible for Editor in 0.47 ms, found 1 plugins.
Preloading 0 native plugins for Editor in 0.00 ms.
Unloading 1806 Unused Serialized files (Serialized files now loaded: 0)
System memory in use before: 88.5 MB.
System memory in use after: 88.5 MB.

Unloading 13 unused Assets to reduce memory usage. Loaded Objects now: 2392.
Total: 1.931400 ms (FindLiveObjects: 0.227100 ms CreateObjectMapping: 0.047400 ms MarkObjects: 1.528600 ms  DeleteObjects: 0.127100 ms)

========================================================================
Received Import Request.
  Time since last request: 170.819115 seconds.
  path: Assets/prefeb/guest.prefab
  artifactKey: Guid(130d922955fb64e46ac78fe6dbd76b71) Importer(815301076,1909f56bfc062723c751e8b465ee728b)
Start importing Assets/prefeb/guest.prefab using Guid(130d922955fb64e46ac78fe6dbd76b71) Importer(815301076,1909f56bfc062723c751e8b465ee728b)  -> (artifact id: 'f60b314ece6a737dedfbf9c6b1e783a7') in 0.058654 seconds
  Import took 0.061816 seconds .

========================================================================
Received Import Request.
  Time since last request: 21.875920 seconds.
  path: Assets/prefeb/guest.prefab
  artifactKey: Guid(130d922955fb64e46ac78fe6dbd76b71) Importer(815301076,1909f56bfc062723c751e8b465ee728b)
Start importing Assets/prefeb/guest.prefab using Guid(130d922955fb64e46ac78fe6dbd76b71) Importer(815301076,1909f56bfc062723c751e8b465ee728b)  -> (artifact id: '2bcb2e99c52fca79dc6853a76645e102') in 0.013721 seconds
  Import took 0.016916 seconds .

========================================================================
Received Import Request.
  Time since last request: 3.816223 seconds.
  path: Assets/prefeb/guest.prefab
  artifactKey: Guid(130d922955fb64e46ac78fe6dbd76b71) Importer(815301076,1909f56bfc062723c751e8b465ee728b)
Start importing Assets/prefeb/guest.prefab using Guid(130d922955fb64e46ac78fe6dbd76b71) Importer(815301076,1909f56bfc062723c751e8b465ee728b)  -> (artifact id: '8f9294e4e891b552a28bfde46670eb5d') in 0.012507 seconds
  Import took 0.015648 seconds .

========================================================================
Received Prepare
Registering precompiled user dll's ...
Registered in 0.000932 seconds.
Begin MonoManager ReloadAssembly
Native extension for WindowsStandalone target not found
Refreshing native plugins compatible for Editor in 0.38 ms, found 1 plugins.
Preloading 0 native plugins for Editor in 0.00 ms.
Invoked RoslynAnalysisRunner static constructor.
RoslynAnalysisRunner will not be running.
RoslynAnalysisRunner has terminated.
Mono: successfully reloaded assembly
- Completed reload, in  0.739 seconds
Platform modules already initialized, skipping
Refreshing native plugins compatible for Editor in 0.38 ms, found 1 plugins.
Preloading 0 native plugins for Editor in 0.00 ms.
Unloading 1806 Unused Serialized files (Serialized files now loaded: 0)
System memory in use before: 88.5 MB.
System memory in use after: 88.5 MB.

Unloading 12 unused Assets to reduce memory usage. Loaded Objects now: 2397.
Total: 1.914000 ms (FindLiveObjects: 0.213900 ms CreateObjectMapping: 0.042600 ms MarkObjects: 1.552000 ms  DeleteObjects: 0.104400 ms)

========================================================================
Received Import Request.
  Time since last request: 224.411311 seconds.
  path: Assets/prefeb/guest.prefab
  artifactKey: Guid(130d922955fb64e46ac78fe6dbd76b71) Importer(815301076,1909f56bfc062723c751e8b465ee728b)
Start importing Assets/prefeb/guest.prefab using Guid(130d922955fb64e46ac78fe6dbd76b71) Importer(815301076,1909f56bfc062723c751e8b465ee728b)  -> (artifact id: 'dea6e6061f3744247449d52c7aac9c35') in 0.057981 seconds
  Import took 0.061492 seconds .

========================================================================
Received Prepare
Registering precompiled user dll's ...
Registered in 0.001025 seconds.
Begin MonoManager ReloadAssembly
Native extension for WindowsStandalone target not found
Refreshing native plugins compatible for Editor in 0.37 ms, found 1 plugins.
Preloading 0 native plugins for Editor in 0.00 ms.
Invoked RoslynAnalysisRunner static constructor.
RoslynAnalysisRunner will not be running.
RoslynAnalysisRunner has terminated.
Mono: successfully reloaded assembly
- Completed reload, in  0.714 seconds
Platform modules already initialized, skipping
Refreshing native plugins compatible for Editor in 0.36 ms, found 1 plugins.
Preloading 0 native plugins for Editor in 0.00 ms.
Unloading 1806 Unused Serialized files (Serialized files now loaded: 0)
System memory in use before: 88.5 MB.
System memory in use after: 88.5 MB.

Unloading 12 unused Assets to reduce memory usage. Loaded Objects now: 2402.
Total: 1.798500 ms (FindLiveObjects: 0.192500 ms CreateObjectMapping: 0.041600 ms MarkObjects: 1.461700 ms  DeleteObjects: 0.101800 ms)

========================================================================
Received Import Request.
  Time since last request: 167.705667 seconds.
  path: Assets/prefeb/guest.prefab
  artifactKey: Guid(130d922955fb64e46ac78fe6dbd76b71) Importer(815301076,1909f56bfc062723c751e8b465ee728b)
Start importing Assets/prefeb/guest.prefab using Guid(130d922955fb64e46ac78fe6dbd76b71) Importer(815301076,1909f56bfc062723c751e8b465ee728b)  -> (artifact id: '57582733d81667c6a4e744f5c6b6eec7') in 0.053616 seconds
  Import took 0.056758 seconds .

========================================================================
Received Import Request.
  Time since last request: 3.476570 seconds.
  path: Assets/prefeb/guest.prefab
  artifactKey: Guid(130d922955fb64e46ac78fe6dbd76b71) Importer(815301076,1909f56bfc062723c751e8b465ee728b)
Start importing Assets/prefeb/guest.prefab using Guid(130d922955fb64e46ac78fe6dbd76b71) Importer(815301076,1909f56bfc062723c751e8b465ee728b)  -> (artifact id: '0a688e7d5e7ee5619c55405db903b5d5') in 0.011981 seconds
  Import took 0.015254 seconds .

========================================================================
Received Prepare
Registering precompiled user dll's ...
Registered in 0.000909 seconds.
Begin MonoManager ReloadAssembly
Native extension for WindowsStandalone target not found
Refreshing native plugins compatible for Editor in 0.38 ms, found 1 plugins.
Preloading 0 native plugins for Editor in 0.00 ms.
Invoked RoslynAnalysisRunner static constructor.
RoslynAnalysisRunner will not be running.
RoslynAnalysisRunner has terminated.
Mono: successfully reloaded assembly
- Completed reload, in  0.690 seconds
Platform modules already initialized, skipping
Refreshing native plugins compatible for Editor in 0.38 ms, found 1 plugins.
Preloading 0 native plugins for Editor in 0.00 ms.
Unloading 1806 Unused Serialized files (Serialized files now loaded: 0)
System memory in use before: 88.5 MB.
System memory in use after: 88.5 MB.

Unloading 12 unused Assets to reduce memory usage. Loaded Objects now: 2407.
Total: 1.979800 ms (FindLiveObjects: 0.218100 ms CreateObjectMapping: 0.048200 ms MarkObjects: 1.601900 ms  DeleteObjects: 0.110600 ms)

========================================================================
Received Import Request.
  Time since last request: 260.910547 seconds.
  path: Assets/prefeb/guest.prefab
  artifactKey: Guid(130d922955fb64e46ac78fe6dbd76b71) Importer(815301076,1909f56bfc062723c751e8b465ee728b)
Start importing Assets/prefeb/guest.prefab using Guid(130d922955fb64e46ac78fe6dbd76b71) Importer(815301076,1909f56bfc062723c751e8b465ee728b)  -> (artifact id: '5540f7c19c078d0aee9ff038e330e7d6') in 0.052857 seconds
  Import took 0.056117 seconds .

========================================================================
Received Import Request.
  Time since last request: 41.051712 seconds.
  path: Assets/prefeb/guest.prefab
  artifactKey: Guid(130d922955fb64e46ac78fe6dbd76b71) Importer(815301076,1909f56bfc062723c751e8b465ee728b)
Start importing Assets/prefeb/guest.prefab using Guid(130d922955fb64e46ac78fe6dbd76b71) Importer(815301076,1909f56bfc062723c751e8b465ee728b)  -> (artifact id: 'b4b39d23423a2ba6b794a0f655f6f908') in 0.018919 seconds
  Import took 0.021980 seconds .

========================================================================
Received Import Request.
  Time since last request: 22.384896 seconds.
  path: Assets/prefeb/guest.prefab
  artifactKey: Guid(130d922955fb64e46ac78fe6dbd76b71) Importer(815301076,1909f56bfc062723c751e8b465ee728b)
Start importing Assets/prefeb/guest.prefab using Guid(130d922955fb64e46ac78fe6dbd76b71) Importer(815301076,1909f56bfc062723c751e8b465ee728b)  -> (artifact id: 'f204c256206c28a93fe5396452ca0aec') in 0.014413 seconds
  Import took 0.017598 seconds .

========================================================================
Received Prepare
Registering precompiled user dll's ...
Registered in 0.001024 seconds.
Begin MonoManager ReloadAssembly
Native extension for WindowsStandalone target not found
Refreshing native plugins compatible for Editor in 0.41 ms, found 1 plugins.
Preloading 0 native plugins for Editor in 0.00 ms.
Invoked RoslynAnalysisRunner static constructor.
RoslynAnalysisRunner will not be running.
RoslynAnalysisRunner has terminated.
Mono: successfully reloaded assembly
- Completed reload, in  0.758 seconds
Platform modules already initialized, skipping
Refreshing native plugins compatible for Editor in 0.39 ms, found 1 plugins.
Preloading 0 native plugins for Editor in 0.00 ms.
Unloading 1806 Unused Serialized files (Serialized files now loaded: 0)
System memory in use before: 88.6 MB.
System memory in use after: 88.5 MB.

Unloading 12 unused Assets to reduce memory usage. Loaded Objects now: 2412.
Total: 2.023600 ms (FindLiveObjects: 0.228000 ms CreateObjectMapping: 0.043500 ms MarkObjects: 1.631600 ms  DeleteObjects: 0.119700 ms)

========================================================================
Received Prepare
Registering precompiled user dll's ...
Registered in 0.000892 seconds.
Begin MonoManager ReloadAssembly
Native extension for WindowsStandalone target not found
Refreshing native plugins compatible for Editor in 0.39 ms, found 1 plugins.
Preloading 0 native plugins for Editor in 0.00 ms.
Invoked RoslynAnalysisRunner static constructor.
RoslynAnalysisRunner will not be running.
RoslynAnalysisRunner has terminated.
Mono: successfully reloaded assembly
- Completed reload, in  0.665 seconds
Platform modules already initialized, skipping
Refreshing native plugins compatible for Editor in 0.36 ms, found 1 plugins.
Preloading 0 native plugins for Editor in 0.00 ms.
Unloading 1806 Unused Serialized files (Serialized files now loaded: 0)
System memory in use before: 88.6 MB.
System memory in use after: 88.6 MB.

Unloading 12 unused Assets to reduce memory usage. Loaded Objects now: 2416.
Total: 2.044800 ms (FindLiveObjects: 0.197800 ms CreateObjectMapping: 0.042600 ms MarkObjects: 1.705200 ms  DeleteObjects: 0.098300 ms)

========================================================================
Received Prepare
Registering precompiled user dll's ...
Registered in 0.000881 seconds.
Begin MonoManager ReloadAssembly
Native extension for WindowsStandalone target not found
Refreshing native plugins compatible for Editor in 0.38 ms, found 1 plugins.
Preloading 0 native plugins for Editor in 0.00 ms.
Invoked RoslynAnalysisRunner static constructor.
RoslynAnalysisRunner will not be running.
RoslynAnalysisRunner has terminated.
Mono: successfully reloaded assembly
- Completed reload, in  0.682 seconds
Platform modules already initialized, skipping
Refreshing native plugins compatible for Editor in 0.36 ms, found 1 plugins.
Preloading 0 native plugins for Editor in 0.00 ms.
Unloading 1806 Unused Serialized files (Serialized files now loaded: 0)
System memory in use before: 88.6 MB.
System memory in use after: 88.6 MB.

Unloading 12 unused Assets to reduce memory usage. Loaded Objects now: 2420.
Total: 1.801400 ms (FindLiveObjects: 0.212500 ms CreateObjectMapping: 0.048600 ms MarkObjects: 1.444600 ms  DeleteObjects: 0.094800 ms)

========================================================================
Received Prepare
Registering precompiled user dll's ...
Registered in 0.000871 seconds.
Begin MonoManager ReloadAssembly
Native extension for WindowsStandalone target not found
Refreshing native plugins compatible for Editor in 0.39 ms, found 1 plugins.
Preloading 0 native plugins for Editor in 0.00 ms.
Invoked RoslynAnalysisRunner static constructor.
RoslynAnalysisRunner will not be running.
RoslynAnalysisRunner has terminated.
Mono: successfully reloaded assembly
- Completed reload, in  0.678 seconds
Platform modules already initialized, skipping
Refreshing native plugins compatible for Editor in 0.36 ms, found 1 plugins.
Preloading 0 native plugins for Editor in 0.00 ms.
Unloading 1806 Unused Serialized files (Serialized files now loaded: 0)
System memory in use before: 88.6 MB.
System memory in use after: 88.6 MB.

Unloading 12 unused Assets to reduce memory usage. Loaded Objects now: 2424.
Total: 1.792800 ms (FindLiveObjects: 0.191500 ms CreateObjectMapping: 0.043500 ms MarkObjects: 1.459900 ms  DeleteObjects: 0.096800 ms)

========================================================================
Received Prepare
Registering precompiled user dll's ...
Registered in 0.000803 seconds.
Begin MonoManager ReloadAssembly
Native extension for WindowsStandalone target not found
Refreshing native plugins compatible for Editor in 0.39 ms, found 1 plugins.
Preloading 0 native plugins for Editor in 0.00 ms.
Invoked RoslynAnalysisRunner static constructor.
RoslynAnalysisRunner will not be running.
RoslynAnalysisRunner has terminated.
Mono: successfully reloaded assembly
- Completed reload, in  0.679 seconds
Platform modules already initialized, skipping
Refreshing native plugins compatible for Editor in 0.37 ms, found 1 plugins.
Preloading 0 native plugins for Editor in 0.00 ms.
Unloading 1806 Unused Serialized files (Serialized files now loaded: 0)
System memory in use before: 88.6 MB.
System memory in use after: 88.6 MB.

Unloading 12 unused Assets to reduce memory usage. Loaded Objects now: 2428.
Total: 1.917600 ms (FindLiveObjects: 0.224100 ms CreateObjectMapping: 0.049500 ms MarkObjects: 1.536300 ms  DeleteObjects: 0.106700 ms)

========================================================================
Received Prepare
Registering precompiled user dll's ...
Registered in 0.001393 seconds.
Begin MonoManager ReloadAssembly
Native extension for WindowsStandalone target not found
Refreshing native plugins compatible for Editor in 0.47 ms, found 1 plugins.
Preloading 0 native plugins for Editor in 0.00 ms.
Invoked RoslynAnalysisRunner static constructor.
RoslynAnalysisRunner will not be running.
RoslynAnalysisRunner has terminated.
Mono: successfully reloaded assembly
- Completed reload, in  0.752 seconds
Platform modules already initialized, skipping
Refreshing native plugins compatible for Editor in 0.40 ms, found 1 plugins.
Preloading 0 native plugins for Editor in 0.00 ms.
Unloading 1806 Unused Serialized files (Serialized files now loaded: 0)
System memory in use before: 88.6 MB.
System memory in use after: 88.6 MB.

Unloading 12 unused Assets to reduce memory usage. Loaded Objects now: 2432.
Total: 1.887500 ms (FindLiveObjects: 0.225700 ms CreateObjectMapping: 0.042300 ms MarkObjects: 1.482900 ms  DeleteObjects: 0.135400 ms)

========================================================================
Received Prepare
Registering precompiled user dll's ...
Registered in 0.000890 seconds.
Begin MonoManager ReloadAssembly
Native extension for WindowsStandalone target not found
Refreshing native plugins compatible for Editor in 0.38 ms, found 1 plugins.
Preloading 0 native plugins for Editor in 0.00 ms.
Invoked RoslynAnalysisRunner static constructor.
RoslynAnalysisRunner will not be running.
RoslynAnalysisRunner has terminated.
Mono: successfully reloaded assembly
- Completed reload, in  0.700 seconds
Platform modules already initialized, skipping
Refreshing native plugins compatible for Editor in 0.37 ms, found 1 plugins.
Preloading 0 native plugins for Editor in 0.00 ms.
Unloading 1806 Unused Serialized files (Serialized files now loaded: 0)
System memory in use before: 88.6 MB.
System memory in use after: 88.6 MB.

Unloading 12 unused Assets to reduce memory usage. Loaded Objects now: 2436.
Total: 1.953000 ms (FindLiveObjects: 0.219400 ms CreateObjectMapping: 0.049700 ms MarkObjects: 1.556600 ms  DeleteObjects: 0.126300 ms)

========================================================================
Received Prepare
Registering precompiled user dll's ...
Registered in 0.000996 seconds.
Begin MonoManager ReloadAssembly
Native extension for WindowsStandalone target not found
Refreshing native plugins compatible for Editor in 0.40 ms, found 1 plugins.
Preloading 0 native plugins for Editor in 0.00 ms.
Invoked RoslynAnalysisRunner static constructor.
RoslynAnalysisRunner will not be running.
RoslynAnalysisRunner has terminated.
Mono: successfully reloaded assembly
- Completed reload, in  0.756 seconds
Platform modules already initialized, skipping
Refreshing native plugins compatible for Editor in 0.38 ms, found 1 plugins.
Preloading 0 native plugins for Editor in 0.00 ms.
Unloading 1806 Unused Serialized files (Serialized files now loaded: 0)
System memory in use before: 88.6 MB.
System memory in use after: 88.6 MB.

Unloading 12 unused Assets to reduce memory usage. Loaded Objects now: 2440.
Total: 1.977600 ms (FindLiveObjects: 0.234900 ms CreateObjectMapping: 0.042200 ms MarkObjects: 1.569800 ms  DeleteObjects: 0.129800 ms)

========================================================================
Received Prepare
Registering precompiled user dll's ...
Registered in 0.000812 seconds.
Begin MonoManager ReloadAssembly
Native extension for WindowsStandalone target not found
Refreshing native plugins compatible for Editor in 0.39 ms, found 1 plugins.
Preloading 0 native plugins for Editor in 0.00 ms.
Invoked RoslynAnalysisRunner static constructor.
RoslynAnalysisRunner will not be running.
RoslynAnalysisRunner has terminated.
Mono: successfully reloaded assembly
- Completed reload, in  0.680 seconds
Platform modules already initialized, skipping
Refreshing native plugins compatible for Editor in 0.37 ms, found 1 plugins.
Preloading 0 native plugins for Editor in 0.00 ms.
Unloading 1806 Unused Serialized files (Serialized files now loaded: 0)
System memory in use before: 88.6 MB.
System memory in use after: 88.6 MB.

Unloading 12 unused Assets to reduce memory usage. Loaded Objects now: 2444.
Total: 1.960900 ms (FindLiveObjects: 0.211500 ms CreateObjectMapping: 0.049700 ms MarkObjects: 1.580100 ms  DeleteObjects: 0.118500 ms)

========================================================================
Received Prepare
Registering precompiled user dll's ...
Registered in 0.000880 seconds.
Begin MonoManager ReloadAssembly
Native extension for WindowsStandalone target not found
Refreshing native plugins compatible for Editor in 0.39 ms, found 1 plugins.
Preloading 0 native plugins for Editor in 0.00 ms.
Invoked RoslynAnalysisRunner static constructor.
RoslynAnalysisRunner will not be running.
RoslynAnalysisRunner has terminated.
Mono: successfully reloaded assembly
- Completed reload, in  0.682 seconds
Platform modules already initialized, skipping
Refreshing native plugins compatible for Editor in 0.36 ms, found 1 plugins.
Preloading 0 native plugins for Editor in 0.00 ms.
Unloading 1806 Unused Serialized files (Serialized files now loaded: 0)
System memory in use before: 88.6 MB.
System memory in use after: 88.6 MB.

Unloading 12 unused Assets to reduce memory usage. Loaded Objects now: 2448.
Total: 1.863200 ms (FindLiveObjects: 0.202500 ms CreateObjectMapping: 0.049000 ms MarkObjects: 1.491500 ms  DeleteObjects: 0.118500 ms)

========================================================================
Received Prepare
Registering precompiled user dll's ...
Registered in 0.000865 seconds.
Begin MonoManager ReloadAssembly
Native extension for WindowsStandalone target not found
Refreshing native plugins compatible for Editor in 0.38 ms, found 1 plugins.
Preloading 0 native plugins for Editor in 0.00 ms.
Invoked RoslynAnalysisRunner static constructor.
RoslynAnalysisRunner will not be running.
RoslynAnalysisRunner has terminated.
Mono: successfully reloaded assembly
- Completed reload, in  0.688 seconds
Platform modules already initialized, skipping
Refreshing native plugins compatible for Editor in 0.36 ms, found 1 plugins.
Preloading 0 native plugins for Editor in 0.00 ms.
Unloading 1806 Unused Serialized files (Serialized files now loaded: 0)
System memory in use before: 88.7 MB.
System memory in use after: 88.6 MB.

Unloading 12 unused Assets to reduce memory usage. Loaded Objects now: 2452.
Total: 1.949600 ms (FindLiveObjects: 0.278400 ms CreateObjectMapping: 0.056400 ms MarkObjects: 1.512500 ms  DeleteObjects: 0.101400 ms)

========================================================================
Received Prepare
Registering precompiled user dll's ...
Registered in 0.000810 seconds.
Begin MonoManager ReloadAssembly
Native extension for WindowsStandalone target not found
Refreshing native plugins compatible for Editor in 0.38 ms, found 1 plugins.
Preloading 0 native plugins for Editor in 0.00 ms.
Invoked RoslynAnalysisRunner static constructor.
RoslynAnalysisRunner will not be running.
RoslynAnalysisRunner has terminated.
Mono: successfully reloaded assembly
- Completed reload, in  0.680 seconds
Platform modules already initialized, skipping
Refreshing native plugins compatible for Editor in 0.40 ms, found 1 plugins.
Preloading 0 native plugins for Editor in 0.00 ms.
Unloading 1806 Unused Serialized files (Serialized files now loaded: 0)
System memory in use before: 88.7 MB.
System memory in use after: 88.6 MB.

Unloading 12 unused Assets to reduce memory usage. Loaded Objects now: 2456.
Total: 2.029900 ms (FindLiveObjects: 0.240300 ms CreateObjectMapping: 0.050700 ms MarkObjects: 1.627200 ms  DeleteObjects: 0.110700 ms)

========================================================================
Received Prepare
Registering precompiled user dll's ...
Registered in 0.000885 seconds.
Begin MonoManager ReloadAssembly
Native extension for WindowsStandalone target not found
Refreshing native plugins compatible for Editor in 0.37 ms, found 1 plugins.
Preloading 0 native plugins for Editor in 0.00 ms.
Invoked RoslynAnalysisRunner static constructor.
RoslynAnalysisRunner will not be running.
RoslynAnalysisRunner has terminated.
Mono: successfully reloaded assembly
- Completed reload, in  0.678 seconds
Platform modules already initialized, skipping
Refreshing native plugins compatible for Editor in 0.37 ms, found 1 plugins.
Preloading 0 native plugins for Editor in 0.00 ms.
Unloading 1806 Unused Serialized files (Serialized files now loaded: 0)
System memory in use before: 88.7 MB.
System memory in use after: 88.6 MB.

Unloading 12 unused Assets to reduce memory usage. Loaded Objects now: 2460.
Total: 1.913800 ms (FindLiveObjects: 0.227100 ms CreateObjectMapping: 0.050200 ms MarkObjects: 1.531400 ms  DeleteObjects: 0.104200 ms)

========================================================================
Received Prepare
Registering precompiled user dll's ...
Registered in 0.000875 seconds.
Begin MonoManager ReloadAssembly
Native extension for WindowsStandalone target not found
Refreshing native plugins compatible for Editor in 0.38 ms, found 1 plugins.
Preloading 0 native plugins for Editor in 0.00 ms.
Invoked RoslynAnalysisRunner static constructor.
RoslynAnalysisRunner will not be running.
RoslynAnalysisRunner has terminated.
Mono: successfully reloaded assembly
- Completed reload, in  0.695 seconds
Platform modules already initialized, skipping
Refreshing native plugins compatible for Editor in 0.38 ms, found 1 plugins.
Preloading 0 native plugins for Editor in 0.00 ms.
Unloading 1806 Unused Serialized files (Serialized files now loaded: 0)
System memory in use before: 88.7 MB.
System memory in use after: 88.7 MB.

Unloading 12 unused Assets to reduce memory usage. Loaded Objects now: 2464.
Total: 1.998000 ms (FindLiveObjects: 0.304500 ms CreateObjectMapping: 0.048100 ms MarkObjects: 1.545500 ms  DeleteObjects: 0.099000 ms)

========================================================================
Received Prepare
Registering precompiled user dll's ...
Registered in 0.000827 seconds.
Begin MonoManager ReloadAssembly
Native extension for WindowsStandalone target not found
Refreshing native plugins compatible for Editor in 0.37 ms, found 1 plugins.
Preloading 0 native plugins for Editor in 0.00 ms.
Invoked RoslynAnalysisRunner static constructor.
RoslynAnalysisRunner will not be running.
RoslynAnalysisRunner has terminated.
Mono: successfully reloaded assembly
- Completed reload, in  0.666 seconds
Platform modules already initialized, skipping
Refreshing native plugins compatible for Editor in 0.36 ms, found 1 plugins.
Preloading 0 native plugins for Editor in 0.00 ms.
Unloading 1806 Unused Serialized files (Serialized files now loaded: 0)
System memory in use before: 88.7 MB.
System memory in use after: 88.7 MB.

Unloading 12 unused Assets to reduce memory usage. Loaded Objects now: 2468.
Total: 1.954500 ms (FindLiveObjects: 0.207700 ms CreateObjectMapping: 0.048900 ms MarkObjects: 1.579600 ms  DeleteObjects: 0.117300 ms)

AssetImportWorkerClient::OnTransportError - code=2 error=End of file
